  Action.cpp
d:\учёба\курсач\клиент\клиент\classes.h(78): warning C4018: <: несоответствие типов со знаком и без знака
d:\учёба\курсач\клиент\клиент\classes.h(86): warning C4018: <: несоответствие типов со знаком и без знака
d:\учёба\курсач\клиент\клиент\action.cpp(187): warning C4018: <: несоответствие типов со знаком и без знака
d:\учёба\курсач\клиент\клиент\action.cpp(247): warning C4018: <: несоответствие типов со знаком и без знака
d:\учёба\курсач\клиент\клиент\action.cpp(297): warning C4101: i: неиспользованная локальная переменная
d:\учёба\курсач\клиент\клиент\action.cpp(331): warning C4018: <: несоответствие типов со знаком и без знака
d:\учёба\курсач\клиент\клиент\action.cpp(344): warning C4244: =: преобразование "double" в "int", возможна потеря данных
d:\учёба\курсач\клиент\клиент\action.cpp(347): warning C4018: <=: несоответствие типов со знаком и без знака
d:\учёба\курсач\клиент\клиент\action.cpp(329): warning C4101: j: неиспользованная локальная переменная
d:\учёба\курсач\клиент\клиент\action.cpp(329): warning C4101: i: неиспользованная локальная переменная
d:\учёба\курсач\клиент\клиент\action.cpp(355): warning C4018: <: несоответствие типов со знаком и без знака
d:\учёба\курсач\клиент\клиент\action.cpp(368): warning C4244: =: преобразование "double" в "int", возможна потеря данных
d:\учёба\курсач\клиент\клиент\action.cpp(371): warning C4018: <=: несоответствие типов со знаком и без знака
d:\учёба\курсач\клиент\клиент\action.cpp(353): warning C4101: j: неиспользованная локальная переменная
d:\учёба\курсач\клиент\клиент\action.cpp(353): warning C4101: i: неиспользованная локальная переменная
d:\учёба\курсач\клиент\клиент\action.cpp(388): warning C4018: <: несоответствие типов со знаком и без знака
d:\учёба\курсач\клиент\клиент\action.cpp(404): warning C4018: <: несоответствие типов со знаком и без знака
d:\учёба\курсач\клиент\клиент\action.cpp(413): warning C4244: =: преобразование "double" в "float", возможна потеря данных
d:\учёба\курсач\клиент\клиент\action.cpp(427): warning C4018: <: несоответствие типов со знаком и без знака
d:\учёба\курсач\клиент\клиент\action.cpp(441): warning C4244: =: преобразование "double" в "float", возможна потеря данных
  Classes.cpp
d:\учёба\курсач\клиент\клиент\classes.h(78): warning C4018: <: несоответствие типов со знаком и без знака
d:\учёба\курсач\клиент\клиент\classes.h(86): warning C4018: <: несоответствие типов со знаком и без знака
  Main.cpp
d:\учёба\курсач\клиент\клиент\classes.h(78): warning C4018: <: несоответствие типов со знаком и без знака
d:\учёба\курсач\клиент\клиент\classes.h(86): warning C4018: <: несоответствие типов со знаком и без знака
  Read_write.cpp
d:\учёба\курсач\клиент\клиент\classes.h(78): warning C4018: <: несоответствие типов со знаком и без знака
d:\учёба\курсач\клиент\клиент\classes.h(86): warning C4018: <: несоответствие типов со знаком и без знака
d:\учёба\курсач\клиент\клиент\read_write.cpp(23): warning C4018: <: несоответствие типов со знаком и без знака
d:\учёба\курсач\клиент\клиент\read_write.cpp(60): warning C4018: <: несоответствие типов со знаком и без знака
d:\учёба\курсач\клиент\клиент\read_write.cpp(93): warning C4018: <: несоответствие типов со знаком и без знака
d:\учёба\курсач\клиент\клиент\read_write.cpp(143): warning C4018: <: несоответствие типов со знаком и без знака
d:\учёба\курсач\клиент\клиент\read_write.cpp(156): warning C4018: <: несоответствие типов со знаком и без знака
  Создание кода...
d:\учёба\курсач\клиент\клиент\action.cpp(92): warning C4715: Login: значение возвращается не при всех путях выполнения
  Клиент.vcxproj -> D:\Учёба\Курсач\Клиент\Debug\Клиент.exe
